Case #1: 1 0
Case #2: 1 0
Case #3: 1 1
Case #4: 0 0
Case #5: 500 499
Case #6: 0 0
Case #7: 1 0
Case #8: 0 0
Case #9: 3906 3905
Case #10: 0 0
Case #11: 0 0
Case #12: 0 0
Case #13: 2 1
Case #14: 0 0
Case #15: 0 0
Case #16: 0 0
Case #17: 0 0
Case #18: 0 0
Case #19: 0 0
Case #20: 0 0
Case #21: 0 0
Case #22: 0 0
Case #23: 0 0
Case #24: 1 0
Case #25: 250000 249999
Case #26: 1 1
Case #27: 0 0
Case #28: 1 1
Case #29: 0 0
Case #30: 0 0
Case #31: 1953 1952
Case #32: 0 0
Case #33: 0 0
Case #34: 3 2
Case #35: 1 1
Case #36: 0 0
Case #37: 0 0
Case #38: 1 0
Case #39: 0 0
Case #40: 499999 499999
Case #41: 0 0
Case #42: 0 0
Case #43: 0 0
Case #44: 1 0
Case #45: 0 0
Case #46: 7812 7811
Case #47: 1 1
Case #48: 125000 124999
Case #49: 250000 249999
Case #50: 1 0
Case #51: 0 0
Case #52: 0 0
Case #53: 1 1
Case #54: 0 0
Case #55: 1 1
Case #56: 1 0
Case #57: 1 0
Case #58: 0 0
Case #59: 0 0
Case #60: 1 0
Case #61: 3 2
Case #62: 3 2
Case #63: 1 0
Case #64: 0 0
Case #65: 0 0
Case #66: 7812 7811
Case #67: 1 0
Case #68: 0 0
Case #69: 0 0
Case #70: 0 0
Case #71: 1 0
Case #72: 0 0
Case #73: 1 0
Case #74: 1 0
Case #75: 1 0
Case #76: 3906 3905
Case #77: 1 0
Case #78: 1 1
Case #79: 3905 3905
Case #80: 1 0
Case #81: 1 1
Case #82: 249999 249999
Case #83: 0 0
Case #84: 2 2
Case #85: 0 0
Case #86: 0 0
Case #87: 1 0
Case #88: 0 0
Case #89: 1 0
Case #90: 0 0
Case #91: 1 0
Case #92: 0 0
Case #93: 0 0
Case #94: 500000 499999
Case #95: 0 0
Case #96: 0 0
Case #97: 1 1
Case #98: 1 1
Case #99: 0 0
Case #100: 0 0
